<?xml version="1.0" encoding="UTF-8"?>
<testng-results ignored="0" total="1" passed="1" failed="0" skipped="0">
  <reporter-output>
  </reporter-output>
  <suite started-at="2025-02-03T21:26:53 IST" name="Default suite" finished-at="2025-02-03T21:27:02 IST" duration-ms="9056">
    <groups>
      <group name="cucumber">
        <method signature="AbstractTestNGCucumberTests.runScenario(io.cucumber.testng.PickleWrapper,io.cucumber.testng.FeatureWrapper)[pri:0, instance:RunnerClasses.Runner@3e27ba32]" name="runScenario" class="io.cucumber.testng.AbstractTestNGCucumberTests"/>
      </group> <!-- cucumber -->
    </groups>
    <test started-at="2025-02-03T21:26:53 IST" name="Default test" finished-at="2025-02-03T21:27:02 IST" duration-ms="9056">
      <class name="RunnerClasses.Runner">
        <test-method is-config="true" signature="setUpClass(org.testng.ITestContext)[pri:0, instance:RunnerClasses.Runner@3e27ba32]" started-at="2025-02-03T21:26:53 IST" name="setUpClass" finished-at="2025-02-03T21:26:53 IST" duration-ms="178" status="PASS">
          <params>
            <param index="0">
              <value>
                <![CDATA[org.testng.TestRunner@6ef1a1b9]]>
              </value>
            </param>
          </params>
          <reporter-output>
          </reporter-output>
        </test-method> <!-- setUpClass -->
        <test-method is-config="true" signature="openBrowser()[pri:0, instance:RunnerClasses.Runner@3e27ba32]" started-at="2025-02-03T21:26:53 IST" name="openBrowser" finished-at="2025-02-03T21:26:59 IST" duration-ms="5796" status="PASS">
          <reporter-output>
          </reporter-output>
        </test-method> <!-- openBrowser -->
        <test-method signature="runScenario(io.cucumber.testng.PickleWrapper,io.cucumber.testng.FeatureWrapper)[pri:0, instance:RunnerClasses.Runner@3e27ba32]" started-at="2025-02-03T21:26:59 IST" name="runScenario" description="Runs Cucumber Scenarios" data-provider="scenarios" finished-at="2025-02-03T21:27:02 IST" duration-ms="2853" status="PASS">
          <params>
            <param index="0">
              <value>
                <![CDATA["Login with valid credential"]]>
              </value>
            </param>
            <param index="1">
              <value>
                <![CDATA["verify Login functionality"]]>
              </value>
            </param>
          </params>
          <reporter-output>
          </reporter-output>
        </test-method> <!-- runScenario -->
        <test-method is-config="true" signature="closeBrowser()[pri:0, instance:RunnerClasses.Runner@3e27ba32]" started-at="2025-02-03T21:27:02 IST" name="closeBrowser" finished-at="2025-02-03T21:27:02 IST" duration-ms="199" status="PASS">
          <reporter-output>
          </reporter-output>
        </test-method> <!-- closeBrowser -->
        <test-method is-config="true" signature="tearDownClass()[pri:0, instance:RunnerClasses.Runner@3e27ba32]" started-at="2025-02-03T21:27:02 IST" name="tearDownClass" finished-at="2025-02-03T21:27:02 IST" duration-ms="3" status="PASS">
          <reporter-output>
          </reporter-output>
        </test-method> <!-- tearDownClass -->
      </class> <!-- RunnerClasses.Runner -->
    </test> <!-- Default test -->
  </suite> <!-- Default suite -->
</testng-results>
